{
  "0 debug pnpm:scope": {
    "selected": 1
  },
  "1 error pnpm": {
    "code": "ELIFECYCLE",
    "errno": "ENOENT",
    "syscall": "spawn",
    "file": "sh",
    "pkgid": "@4ks-lib/api-fetch@0.0.1",
    "stage": "build",
    "script": "npm run clean && npm run gogen && npm run codegen && build-fetch \"--\"",
    "pkgname": "@4ks-lib/api-fetch",
    "err": {
      "name": "pnpm",
      "message": "@4ks-lib/api-fetch@0.0.1 build: `npm run clean && npm run gogen && npm run codegen && build-fetch \"--\"`\nspawn ENOENT",
      "code": "ELIFECYCLE",
      "stack": "pnpm: @4ks-lib/api-fetch@0.0.1 build: `npm run clean && npm run gogen && npm run codegen && build-fetch \"--\"`\nspawn ENOENT\n    at ChildProcess.<anonymous> (/opt/node/node-v16.13.1/pnpm-global/5/node_modules/.pnpm/pnpm@7.1.5/node_modules/pnpm/dist/pnpm.cjs:93465:22)\n    at ChildProcess.emit (node:events:390:28)\n    at maybeClose (node:internal/child_process:1064:16)\n    at Process.ChildProcess._handle.onexit (node:internal/child_process:301:5)"
    }
  },
  "2 warn pnpm:global": " Local package.json exists, but node_modules missing, did you mean to install?"
}